Log file open, 12/05/17 19:58:01
LogWindows: Failed to load 'aqProf.dll' (GetLastError=126)
LogWindows: File 'aqProf.dll' does not exist
LogWindows: Failed to load 'VSPerf140.dll' (GetLastError=126)
LogWindows: File 'VSPerf140.dll' does not exist
LogWindows: Failed to load 'VtuneApi.dll' (GetLastError=126)
LogWindows: File 'VtuneApi.dll' does not exist
LogWindows: Failed to load 'VtuneApi32e.dll' (GetLastError=126)
LogWindows: File 'VtuneApi32e.dll' does not exist
LogInit: Display: Running engine for game: TDEMO
LogPlatformFile: Not using cached read wrapper
LogInit: Display: RandInit(-1111997966) SRandInit(-1111997966).
LogTaskGraph: Started task graph with 5 named threads and 8 total threads with 3 sets of task threads.
LogStats: Stats thread started at 0.304857
LogD3D11RHI: Aftermath initialized
LogPluginManager: Mounting plugin Paper2D
LogPluginManager: Mounting plugin LightPropagationVolume
LogPluginManager: Mounting plugin CodeLiteSourceCodeAccess
LogPluginManager: Mounting plugin GitSourceControl
LogPluginManager: Mounting plugin KDevelopSourceCodeAccess
LogPluginManager: Mounting plugin NullSourceCodeAccess
LogPluginManager: Mounting plugin PerforceSourceControl
LogPluginManager: Mounting plugin SubversionSourceControl
LogPluginManager: Mounting plugin UObjectPlugin
LogPluginManager: Mounting plugin VisualStudioSourceCodeAccess
LogPluginManager: Mounting plugin XCodeSourceCodeAccess
LogPluginManager: Mounting plugin AssetManagerEditor
LogPluginManager: Mounting plugin AudioCapture
LogPluginManager: Mounting plugin FacialAnimation
LogPluginManager: Mounting plugin GameplayTagsEditor
LogPluginManager: Mounting plugin MobileLauncherProfileWizard
LogPluginManager: Mounting plugin PluginBrowser
LogPluginManager: Mounting plugin SpeedTreeImporter
LogPluginManager: Mounting plugin AlembicImporter
LogPluginManager: Mounting plugin CharacterAI
LogPluginManager: Mounting plugin HTML5Networking
LogPluginManager: Mounting plugin AndroidMedia
LogPluginManager: Mounting plugin AvfMedia
LogPluginManager: Mounting plugin MediaPlayerEditor
LogPluginManager: Mounting plugin WmfMedia
LogPluginManager: Mounting plugin TcpMessaging
LogPluginManager: Mounting plugin UdpMessaging
LogPluginManager: Mounting plugin LevelSequenceEditor
LogPluginManager: Mounting plugin MatineeToLevelSequence
LogPluginManager: Mounting plugin OnlineSubsystemGooglePlay
LogPluginManager: Mounting plugin OnlineSubsystemIOS
LogPluginManager: Mounting plugin OnlineSubsystem
LogPluginManager: Mounting plugin OnlineSubsystemNull
LogPluginManager: Mounting plugin OnlineSubsystemUtils
LogPluginManager: Mounting plugin AndroidDeviceProfileSelector
LogPluginManager: Mounting plugin AndroidMoviePlayer
LogPluginManager: Mounting plugin AndroidPermission
LogPluginManager: Mounting plugin AppleMoviePlayer
LogPluginManager: Mounting plugin ArchVisCharacter
LogPluginManager: Mounting plugin CableComponent
LogPluginManager: Mounting plugin CustomMeshComponent
LogPluginManager: Mounting plugin ExampleDeviceProfileSelector
LogPluginManager: Mounting plugin GoogleCloudMessaging
LogPluginManager: Mounting plugin ImmediatePhysics
LogPluginManager: Mounting plugin IOSDeviceProfileSelector
LogPluginManager: Mounting plugin LinuxDeviceProfileSelector
LogPluginManager: Mounting plugin LocationServicesBPLibrary
LogPluginManager: Mounting plugin MobilePatchingUtils
LogPluginManager: Mounting plugin OculusVR
LogPluginManager: Mounting plugin PhysXVehicles
LogPluginManager: Mounting plugin ProceduralMeshComponent
LogPluginManager: Mounting plugin RuntimePhysXCooking
LogPluginManager: Mounting plugin SteamVR
LogPluginManager: Mounting plugin WindowsMoviePlayer
LogInit: Using libcurl 7.47.1
LogInit:  - built for x86_64-pc-win32
LogInit:  - supports SSL with OpenSSL/1.0.2g
LogInit:  - supports HTTP deflate (compression) using libz 1.2.8
LogInit:  - other features:
LogInit:      CURL_VERSION_SSL
LogInit:      CURL_VERSION_LIBZ
LogInit:      CURL_VERSION_IPV6
LogInit:      CURL_VERSION_ASYNCHDNS
LogInit:      CURL_VERSION_LARGEFILE
LogInit:      CURL_VERSION_IDN
LogInit:  CurlRequestOptions (configurable via config and command line):
LogInit:  - bVerifyPeer = false  - Libcurl will NOT verify peer certificate
LogInit:  - bUseHttpProxy = false  - Libcurl will NOT use HTTP proxy
LogInit:  - bDontReuseConnections = false  - Libcurl will reuse connections
LogInit:  - CertBundlePath = nullptr  - Libcurl will use whatever was configured at build time.
LogInit: Build: ++UE4+Release-4.17-CL-3658906
LogInit: Engine Version: 4.17.2-3658906+++UE4+Release-4.17
LogInit: Compatible Engine Version: 4.17.0-3573198+++UE4+Release-4.17
LogInit: Net CL: 3573198
LogDevObjectVersion: Number of dev versions registered: 16
LogDevObjectVersion:   Dev-Blueprints (B0D832E4-1F89-4F0D-ACCF-7EB736FD4AA2): 10
LogDevObjectVersion:   Dev-Build (E1C64328-A22C-4D53-A36C-8E866417BD8C): 0
LogDevObjectVersion:   Dev-Core (375EC13C-06E4-48FB-B500-84F0262A717E): 2
LogDevObjectVersion:   Dev-Editor (E4B068ED-F494-42E9-A231-DA0B2E46BB41): 20
LogDevObjectVersion:   Dev-Framework (CFFC743F-43B0-4480-9391-14DF171D2073): 28
LogDevObjectVersion:   Dev-Mobile (B02B49B5-BB20-44E9-A304-32B752E40360): 0
LogDevObjectVersion:   Dev-Networking (A4E4105C-59A1-49B5-A7C5-40C4547EDFEE): 0
LogDevObjectVersion:   Dev-Online (39C831C9-5AE6-47DC-9A44-9C173E1C8E7C): 0
LogDevObjectVersion:   Dev-Physics (78F01B33-EBEA-4F98-B9B4-84EACCB95AA2): 0
LogDevObjectVersion:   Dev-Platform (6631380F-2D4D-43E0-8009-CF276956A95A): 0
LogDevObjectVersion:   Dev-Rendering (12F88B9F-8875-4AFC-A67C-D90C383ABD29): 19
LogDevObjectVersion:   Dev-Sequencer (7B5AE74C-D270-4C10-A958-57980B212A5A): 4
LogDevObjectVersion:   Dev-VR (D7296918-1DD6-4BDD-9DE2-64A83CC13884): 0
LogDevObjectVersion:   Dev-LoadTimes (C2A15278-BFE7-4AFE-6C17-90FF531DF755): 1
LogDevObjectVersion:   Private-Geometry (6EACA3D4-40EC-4CC1-B786-8BED09428FC5): 1
LogDevObjectVersion:   Dev-AnimPhys (29E575DD-E0A3-4627-9D10-D276232CDCEA): 7
LogInit: Compiled (64-bit): Sep 22 2017 13:47:16
LogInit: Compiled with Visual C++: 19.00.24215.01
LogInit: Build Configuration: Development
LogInit: Branch Name: ++UE4+Release-4.17
LogInit: Command line: -EpicPortal 
LogInit: Base directory: D:/Game Dev/Epic Games/UE_4.17/Engine/Binaries/Win64/
LogInit: Installed Engine Build: 1
LogInit: Presizing for max 8388607 objects, including 0 objects not considered by GC, pre-allocating 0 bytes for permanent pool.
LogInit: Object subsystem initialized
[2017.12.05-19.58.02:651][  0]LogInit: Selected Device Profile: [Windows]
[2017.12.05-19.58.02:651][  0]LogInit: Applying CVar settings loaded from the selected device profile: [Windows]
[2017.12.05-19.58.02:670][  0]LogInit: Computer: LAPTOP-CLI7GUMK
[2017.12.05-19.58.02:670][  0]LogInit: User: Gary
[2017.12.05-19.58.02:670][  0]LogInit: CPU Page size=4096, Cores=2
[2017.12.05-19.58.02:670][  0]LogInit: High frequency timer resolution =2.835941 MHz
[2017.12.05-19.58.02:671][  0]LogMemory: Memory total: Physical=7.9GB (8GB approx)
[2017.12.05-19.58.02:671][  0]LogMemory: Platform Memory Stats for Windows
[2017.12.05-19.58.02:671][  0]LogMemory: Process Physical Memory: 277.75 MB used, 277.75 MB peak
[2017.12.05-19.58.02:671][  0]LogMemory: Process Virtual Memory: 274.77 MB used, 274.77 MB peak
[2017.12.05-19.58.02:671][  0]LogMemory: Physical Memory: 6767.57 MB used,  1318.55 MB free, 8086.12 MB total
[2017.12.05-19.58.02:671][  0]LogMemory: Virtual Memory: 656.14 MB used,  1318.55 MB free, 134217728.00 MB total
[2017.12.05-19.58.02:985][  0]LogInit: Using OS detected language (en-GB).
[2017.12.05-19.58.02:985][  0]LogInit: Using OS detected locale (en-GB).
[2017.12.05-19.58.02:991][  0]LogTextLocalizationManager: No specific localization for 'en-GB' exists, so the 'en' localization will be used.
[2017.12.05-19.58.04:318][  0]LogD3D11RHI: D3D11 adapters:
[2017.12.05-19.58.04:335][  0]LogD3D11RHI:    0. 'Intel(R) HD Graphics 620' (Feature Level 11_0)
[2017.12.05-19.58.04:335][  0]LogD3D11RHI:       128/0/4043 MB DedicatedVideo/DedicatedSystem/SharedSystem, Outputs:1, VendorId:0x8086
[2017.12.05-19.58.04:339][  0]LogD3D11RHI:    1. 'Microsoft Basic Render Driver' (Feature Level 11_0)
[2017.12.05-19.58.04:339][  0]LogD3D11RHI:       0/0/4043 MB DedicatedVideo/DedicatedSystem/SharedSystem, Outputs:0, VendorId:0x1414
[2017.12.05-19.58.04:339][  0]LogD3D11RHI: Chosen D3D11 Adapter: 0
[2017.12.05-19.58.04:377][  0]LogD3D11RHI: Creating new Direct3DDevice
[2017.12.05-19.58.04:377][  0]LogD3D11RHI:     GPU DeviceId: 0x5916 (for the marketing name, search the web for "GPU Device Id")
[2017.12.05-19.58.04:377][  0]LogWindows: EnumDisplayDevices:
[2017.12.05-19.58.04:378][  0]LogWindows:    0. 'Intel(R) HD Graphics 620' (P:1 D:1)
[2017.12.05-19.58.04:378][  0]LogWindows:    1. 'Intel(R) HD Graphics 620' (P:0 D:0)
[2017.12.05-19.58.04:379][  0]LogWindows:    2. 'Intel(R) HD Graphics 620' (P:0 D:0)
[2017.12.05-19.58.04:380][  0]LogWindows: DebugString: FoundDriverCount:3 
[2017.12.05-19.58.04:380][  0]LogD3D11RHI:     Adapter Name: Intel(R) HD Graphics 620
[2017.12.05-19.58.04:380][  0]LogD3D11RHI:   Driver Version: 22.20.16.4749 (internal:22.20.16.4749, unified:22.20.16.4749)
[2017.12.05-19.58.04:380][  0]LogD3D11RHI:      Driver Date: 7-24-2017
[2017.12.05-19.58.04:380][  0]LogRHI: Texture pool is 1361 MB (70% of 1945 MB)
[2017.12.05-19.58.04:394][  0]LogD3D11RHI: Async texture creation enabled
[2017.12.05-19.58.04:420][  0]LogD3D11RHI: GPU Timing Frequency: 12.000000 (Debug: 2 0)
[2017.12.05-19.58.04:423][  0]LogShaderCompilers: Guid format shader working directory is 2 characters bigger than the processId version (C:/Users/Gary/Documents/GitHub/TDEMO/TDEMO/Intermediate/Shaders/WorkingDirectory/17688/).
[2017.12.05-19.58.04:423][  0]LogShaderCompilers: Cleaned the shader compiler working directory 'C:/Users/Gary/AppData/Local/Temp/UnrealShaderWorkingDir/2848A40E43EEA2C9449232A65FE4A467/'.
[2017.12.05-19.58.04:423][  0]LogShaderCompilers: Display: Using Local Shader Compiler.
[2017.12.05-19.58.06:165][  0]LogTemp: Display: Loaded TP AllDesktopTargetPlatform
[2017.12.05-19.58.06:240][  0]LogTemp: Display: Loaded TP MacClientTargetPlatform
[2017.12.05-19.58.06:327][  0]LogTemp: Display: Loaded TP MacNoEditorTargetPlatform
[2017.12.05-19.58.06:419][  0]LogTemp: Display: Loaded TP MacServerTargetPlatform
[2017.12.05-19.58.06:495][  0]LogTemp: Display: Loaded TP MacTargetPlatform
[2017.12.05-19.58.06:568][  0]LogTemp: Display: Loaded TP WindowsClientTargetPlatform
[2017.12.05-19.58.06:642][  0]LogTemp: Display: Loaded TP WindowsNoEditorTargetPlatform
[2017.12.05-19.58.06:713][  0]LogTemp: Display: Loaded TP WindowsServerTargetPlatform
[2017.12.05-19.58.06:779][  0]LogTemp: Display: Loaded TP WindowsTargetPlatform
[2017.12.05-19.58.06:850][  0]LogTemp: Display: Loaded TP AndroidTargetPlatform
[2017.12.05-19.58.06:919][  0]LogTemp: Display: Loaded TP Android_ASTCTargetPlatform
[2017.12.05-19.58.06:986][  0]LogTemp: Display: Loaded TP Android_ATCTargetPlatform
[2017.12.05-19.58.07:059][  0]LogTemp: Display: Loaded TP Android_DXTTargetPlatform
[2017.12.05-19.58.07:131][  0]LogTemp: Display: Loaded TP Android_ETC1TargetPlatform
[2017.12.05-19.58.07:199][  0]LogTemp: Display: Loaded TP Android_ETC2TargetPlatform
[2017.12.05-19.58.07:345][  0]LogTemp: Display: Loaded TP Android_MultiTargetPlatform
[2017.12.05-19.58.07:345][  0]LogTemp: Display: Loaded TP Android_PVRTCTargetPlatform
[2017.12.05-19.58.07:398][  0]LogTemp: Display: Loaded TP HTML5TargetPlatform
[2017.12.05-19.58.07:517][  0]LogTemp: Display: Loaded TP IOSTargetPlatform
[2017.12.05-19.58.07:561][  0]LogTemp: Display: Loaded TP TVOSTargetPlatform
[2017.12.05-19.58.07:644][  0]LogTemp: Display: Loaded TP LinuxClientTargetPlatform
[2017.12.05-19.58.07:726][  0]LogTemp: Display: Loaded TP LinuxNoEditorTargetPlatform
[2017.12.05-19.58.07:809][  0]LogTemp: Display: Loaded TP LinuxServerTargetPlatform
[2017.12.05-19.58.07:894][  0]LogTemp: Display: Loaded TP LinuxTargetPlatform
[2017.12.05-19.58.07:894][  0]LogTargetPlatformManager: Display: Building Assets For Windows
[2017.12.05-19.58.08:654][  0]LogDerivedDataCache: Display: Max Cache Size: 512 MB
[2017.12.05-19.58.08:807][  0]LogDerivedDataCache: Loaded boot cache 0.15s 93MB C:/Users/Gary/AppData/Local/UnrealEngine/4.17/DerivedDataCache/Boot.ddc.
[2017.12.05-19.58.08:807][  0]LogDerivedDataCache: Display: Loaded Boot cache: C:/Users/Gary/AppData/Local/UnrealEngine/4.17/DerivedDataCache/Boot.ddc
[2017.12.05-19.58.08:807][  0]LogDerivedDataCache: FDerivedDataBackendGraph:  Pak pak cache file C:/Users/Gary/Documents/GitHub/TDEMO/TDEMO/DerivedDataCache/DDC.ddp not found, will not use a pak cache.
[2017.12.05-19.58.08:807][  0]LogDerivedDataCache: Unable to find inner node Pak for hierarchical cache Hierarchy.
[2017.12.05-19.58.08:807][  0]LogDerivedDataCache: FDerivedDataBackendGraph:  CompressedPak pak cache file C:/Users/Gary/Documents/GitHub/TDEMO/TDEMO/DerivedDataCache/Compressed.ddp not found, will not use a pak cache.
[2017.12.05-19.58.08:807][  0]LogDerivedDataCache: Unable to find inner node CompressedPak for hierarchical cache Hierarchy.
[2017.12.05-19.58.08:831][  0]LogDerivedDataCache: Display: Pak cache opened for reading ../../../Engine/DerivedDataCache/Compressed.ddp.
[2017.12.05-19.58.08:844][  0]LogDerivedDataCache: Using Local data cache path C:/Users/Gary/AppData/Local/UnrealEngine/Common/DerivedDataCache: Writable
[2017.12.05-19.58.08:859][  0]LogMaterial: Verifying Global Shaders for PCD3D_SM5
[2017.12.05-19.58.08:860][  0]LogSlate: Using Freetype 2.6.0
[2017.12.05-19.58.08:860][  0]LogSlate: SlateFontCache - WITH_FREETYPE: 1, WITH_HARFBUZZ: 1
[2017.12.05-19.58.08:861][  0]LogSlate: SlateFontCache - WITH_FREETYPE: 1, WITH_HARFBUZZ: 1
[2017.12.05-19.58.09:252][  0]LogAssetRegistry: FAssetRegistry took 0.0303 seconds to start up
[2017.12.05-19.58.09:445][  0]LogInit: Selected Device Profile: [Windows]
[2017.12.05-19.58.09:755][  0]LogContentStreaming: Texture pool size is 0.00 MB
[2017.12.05-19.58.10:184][  0]LogSimplygon: Simplygon DLL not present - disabling.
[2017.12.05-19.58.10:264][  0]LogMeshReduction: Using SimplygonSwarm for distributed automatic mesh merging
[2017.12.05-19.58.10:264][  0]LogMeshReduction: Using QuadricMeshReduction for automatic static mesh reduction
[2017.12.05-19.58.10:264][  0]LogMeshReduction: No automatic skeletal mesh reduction module available
[2017.12.05-19.58.10:264][  0]LogMeshReduction: No automatic mesh merging module available
[2017.12.05-19.58.10:264][  0]LogMeshMerging: No automatic mesh merging module available
[2017.12.05-19.58.10:889][  0]LogNetVersion: TDEMO , NetCL: 3573198, EngineNetVer: 2, GameNetVer: 0 (Checksum: 3618179305)
[2017.12.05-19.58.11:266][  0]LogPackageLocalizationCache: Processed 5 localized package path(s) for 2 prioritized culture(s) in 0.062436 seconds
[2017.12.05-19.58.11:276][  0]LogUObjectArray: 35825 objects as part of root set at end of initial load.
[2017.12.05-19.58.11:276][  0]LogUObjectAllocator: 7529104 out of 0 bytes used by permanent object pool.
[2017.12.05-19.58.11:276][  0]LogUObjectArray: CloseDisregardForGC: 0/0 objects in disregard for GC pool
[2017.12.05-19.58.11:381][  0]LogInit: WinSock: version 1.1 (2.2), MaxSocks=32767, MaxUdp=65467
[2017.12.05-19.58.20:280][  0]LogTcpMessaging: Initializing TcpMessaging bridge
[2017.12.05-19.58.20:436][  0]LogUdpMessaging: Initializing bridge on interface 0.0.0.0:0 to multicast group 230.0.0.1:6666.
[2017.12.05-19.58.23:553][  0]LogMaterial: Uniform references updated for custom material expression Custom.
[2017.12.05-19.58.25:362][  0]SourceControl: Source control is disabled
[2017.12.05-19.58.25:362][  0]SourceControl: Source control is disabled
[2017.12.05-19.58.25:604][  0]SourceControl: Source control is disabled
[2017.12.05-19.58.25:893][  0]SourceControl: Source control is disabled
[2017.12.05-19.58.28:995][  0]LogAndroidPermission: UAndroidPermissionCallbackProxy::GetInstance
[2017.12.05-19.58.30:337][  0]LogOcInput: OculusInput pre-init called
[2017.12.05-19.58.32:532][  0]LogEngine: Initializing Engine...
[2017.12.05-19.58.32:542][  0]LogHMD: Failed to initialize OpenVR with code 110
[2017.12.05-19.58.33:690][  0]LogStats: UGameplayTagsManager::ConstructGameplayTagTree: Construct from data asset -  0.000 s
[2017.12.05-19.58.33:690][  0]LogStats: UGameplayTagsManager::ConstructGameplayTagTree: GameplayTagTreeChangedEvent.Broadcast -  0.000 s
[2017.12.05-19.58.34:259][  0]LogAIModule: Creating AISystem for world Untitled
[2017.12.05-19.58.34:288][  0]LogInit: XAudio2 using 'Speakers (Razer Surround Audio Controller)' : 6 channels at 48 kHz using 16 bits per sample (channel mask 0x3f)
[2017.12.05-19.58.34:308][  0]LogInit: FAudioDevice initialized.
[2017.12.05-19.58.34:465][  0]LogDerivedDataCache: Saved boot cache 0.16s 93MB C:/Users/Gary/AppData/Local/UnrealEngine/4.17/DerivedDataCache/Boot.ddc.
[2017.12.05-19.58.34:495][  0]LogInit: Texture streaming: Enabled
[2017.12.05-19.58.35:534][  0]LogEngineSessionManager: EngineSessionManager initialized
[2017.12.05-19.58.37:430][  0]LogInit: Transaction tracking system initialized
[2017.12.05-19.58.38:831][  0]BlueprintLog: New page: Editor Load
[2017.12.05-19.58.41:420][  0]LocalizationService: Localization service is disabled
[2017.12.05-19.58.44:932][  0]LogConsoleResponse: Display: 
[2017.12.05-19.58.46:233][  0]LogCook: Display: Max memory allowance for cook 16384mb min free memory 0mb
[2017.12.05-19.58.46:233][  0]LogCook: Display: Mobile HDR setting 1
[2017.12.05-19.58.46:233][  0]LogGameplayTags: Display: UGameplayTagsManager::DoneAddingNativeTags. DelegateIsBound: 0
[2017.12.05-19.58.46:268][  0]LogFileCache: Scanning file cache for directory 'C:/Users/Gary/Documents/GitHub/TDEMO/TDEMO/Content/' took 0.02s
[2017.12.05-19.58.50:665][  0]SourceControl: Source control is disabled
[2017.12.05-19.58.50:666][  0]Cmd: MAP LOAD FILE="C:/Users/Gary/Documents/GitHub/TDEMO/TDEMO/Content/Maps/Level.umap" TEMPLATE=0 SHOWPROGRESS=1 FEATURELEVEL=3
[2017.12.05-19.58.50:829][  0]LogWindowsTextInputMethodSystem: Display: IME system now deactivated.
[2017.12.05-19.58.50:829][  0]LogWindowsTextInputMethodSystem: Display: IME system now deactivated.
[2017.12.05-19.58.50:865][  0]LogSlate: Took 0.000790 seconds to synchronously load lazily loaded font '../../../Engine/Content/Slate/Fonts/Roboto-Regular.ttf' (155K)
[2017.12.05-20.01.22:804][  0]LogWindowsTextInputMethodSystem: Display: IME system now deactivated.
[2017.12.05-20.01.22:805][  0]LogWindowsTextInputMethodSystem: Display: IME system now deactivated.
[2017.12.05-20.01.23:116][  0]LightingResults: New page: Lighting Build
[2017.12.05-20.01.23:640][  0]MapCheck: New page: Map Check
[2017.12.05-20.01.23:640][  0]LightingResults: New page: Lighting Build
[2017.12.05-20.01.23:831][  0]LogAIModule: Creating AISystem for world Untitled
[2017.12.05-20.01.23:857][  0]LoadErrors: New page: New Map
[2017.12.05-20.01.23:986][  0]LogWindowsTextInputMethodSystem: Display: IME system now deactivated.
[2017.12.05-20.01.23:987][  0]LogWindowsTextInputMethodSystem: Display: IME system now deactivated.
[2017.12.05-20.01.25:659][  0]LogCollectionManager: Loaded 0 collections in 0.010241 seconds
[2017.12.05-20.01.26:367][  0]LogFileCache: Scanning file cache for directory 'C:/Users/Gary/Documents/GitHub/TDEMO/TDEMO/Saved/Collections/' took 0.02s
[2017.12.05-20.01.26:367][  0]LogFileCache: Scanning file cache for directory 'C:/Users/Gary/Documents/GitHub/TDEMO/TDEMO/Content/Developers/Gary/Collections/' took 0.01s
[2017.12.05-20.01.26:367][  0]LogFileCache: Scanning file cache for directory 'C:/Users/Gary/Documents/GitHub/TDEMO/TDEMO/Content/Collections/' took 0.03s
[2017.12.05-20.01.26:367][  0]LogCollectionManager: Rebuilt the GUID cache for 0 collections in 0.000002 seconds
[2017.12.05-20.01.26:445][  0]LogContentBrowser: Native class hierarchy populated in 0.0620 seconds. Added 2386 classes and 500 folders.
[2017.12.05-20.01.27:194][  0]LogContentBrowser: Native class hierarchy updated for 'WidgetCarousel' in 0.0030 seconds. Added 0 classes and 0 folders.
[2017.12.05-20.01.29:485][  0]LogContentBrowser: Native class hierarchy updated for 'AddContentDialog' in 0.0065 seconds. Added 0 classes and 0 folders.
[2017.12.05-20.01.30:034][  0]LogContentBrowser: Native class hierarchy updated for 'SceneOutliner' in 0.0098 seconds. Added 1 classes and 2 folders.
[2017.12.05-20.01.32:888][  0]LogSlate: Took 0.002184 seconds to synchronously load lazily loaded font '../../../Engine/Content/Slate/Fonts/Roboto-Bold.ttf' (160K)
[2017.12.05-20.01.33:051][  0]LogSlate: Took 0.019649 seconds to synchronously load lazily loaded font '../../../Engine/Content/Editor/Slate/Fonts/FontAwesome.ttf' (139K)
[2017.12.05-20.01.34:303][  0]LogRenderer: Reallocating scene render targets to support 1008x472 Format 10 NumSamples 1 (Frame:1).
[2017.12.05-20.01.39:571][  0]LogContentBrowser: Native class hierarchy updated for 'HierarchicalLODOutliner' in 0.0126 seconds. Added 1 classes and 2 folders.
[2017.12.05-20.01.39:573][  0]LogLoad: (Engine Initialization) Total time: 220.60 seconds
[2017.12.05-20.01.39:573][  0]LogLoad: (Engine Initialization) Total Blueprint compile time: 0.00 seconds
[2017.12.05-20.01.39:577][  0]LogExternalProfiler: No external profilers were discovered.  External profiling features will not be available.
[2017.12.05-20.01.39:775][  0]LogContentStreaming: Texture pool size now 1000 MB
[2017.12.05-20.01.40:079][  1]LogSlate: Took 0.013082 seconds to synchronously load lazily loaded font '../../../Engine/Content/Slate/Fonts/Roboto-Light.ttf' (159K)
[2017.12.05-20.01.40:424][  7]LogAssetRegistry: Asset discovery search completed in 211.1943 seconds
[2017.12.05-20.01.40:429][  7]LogCollectionManager: Rebuilt the object cache for 0 collections in 0.000001 seconds (found 0 objects)
[2017.12.05-20.01.40:430][  7]LogCollectionManager: Fixed up redirectors for 0 collections in 0.000157 seconds (updated 0 objects)
[2017.12.05-20.01.52:635][213]LogSlate: Took 0.001267 seconds to synchronously load lazily loaded font '../../../Engine/Content/Slate/Fonts/Roboto-Light.ttf' (159K)
[2017.12.05-20.01.52:741][213]LogAIModule: Creating AISystem for world MainWorld
[2017.12.05-20.01.52:875][213]Cmd: MAP LOAD FILE="C:/Users/Gary/Documents/GitHub/TDEMO/TDEMO/Content/MainWorld.umap" TEMPLATE=0 SHOWPROGRESS=1 FEATURELEVEL=3
[2017.12.05-20.01.52:876][213]LightingResults: New page: Lighting Build
[2017.12.05-20.01.52:881][213]LoadErrors: New page: Loading map: MainWorld.umap
[2017.12.05-20.01.52:882][213]MapCheck: New page: Map Check
[2017.12.05-20.01.52:882][213]LightingResults: New page: Lighting Build
[2017.12.05-20.01.53:306][213]LogEditorServer: Finished looking for orphan Actors (0.000 secs)
[2017.12.05-20.01.53:438][213]Cmd: MAP CHECKDEP NOCLEARLOG
[2017.12.05-20.01.53:696][213]MapCheck: Map check complete: 0 Error(s), 0 Warning(s), took 257.361ms to complete.
[2017.12.05-20.01.53:783][213]LogFileHelpers: Loading map 'MainWorld' took 0.911
[2017.12.05-20.01.53:794][213]LogSlate: Took 0.000977 seconds to synchronously load lazily loaded font '../../../Engine/Content/Slate/Fonts/Roboto-Regular.ttf' (155K)
[2017.12.05-20.03.49:505][376]LogContentBrowser: Native class hierarchy updated for 'BlueprintGraph' in 0.0046 seconds. Added 113 classes and 0 folders.
[2017.12.05-20.03.55:132][376]LogSlate: Took 0.061842 seconds to synchronously load lazily loaded font '../../../Engine/Content/Editor/Slate/Fonts/Roboto-BoldCondensed.ttf' (158K)
[2017.12.05-20.03.59:578][377]LogSlate: Took 0.010816 seconds to synchronously load lazily loaded font '../../../Engine/Content/Editor/Slate/Fonts/Roboto-Italic.ttf' (157K)
[2017.12.05-20.04.28:978][553]LogAssetTools: Warning: Failed to import 'D:\Game Dev\Epic Games\Projects\TDEMO - Copy\Content\Maps\Level.umap'. Unknown extension 'umap'.
[2017.12.05-20.04.29:028][553]LogSlate: Took 0.000616 seconds to synchronously load lazily loaded font '../../../Engine/Content/Slate/Fonts/Roboto-Light.ttf' (159K)
[2017.12.05-20.05.11:756][ 28]SourceControl: On branch Programming-Changes
[2017.12.05-20.05.11:756][ 28]SourceControl: Your branch is up to date with 'origin/Programming-Changes'.
[2017.12.05-20.05.11:756][ 28]SourceControl: Untracked files:
[2017.12.05-20.05.11:756][ 28]SourceControl:   (use "git add <file>..." to include in what will be committed)
[2017.12.05-20.05.11:756][ 28]SourceControl: 	TDEMO/Intermediate/
[2017.12.05-20.05.11:756][ 28]SourceControl: 	TDEMO/Saved/
[2017.12.05-20.05.11:756][ 28]SourceControl: nothing added to commit but untracked files present (use "git add" to track)
[2017.12.05-20.11.42:197][222]Cmd: OBJ SAVEPACKAGE PACKAGE="/Game/Blueprints/BIG-FLOPPY-DICK" FILE="C:/Users/Gary/Documents/GitHub/TDEMO/TDEMO/Content/Blueprints/BIG-FLOPPY-DICK.uasset" SILENT=true
[2017.12.05-20.11.42:373][222]LogSavePackage: Save=148.09ms
[2017.12.05-20.11.42:373][222]LogSavePackage: Moving 'C:/Users/Gary/Documents/GitHub/TDEMO/TDEMO/Saved/BIG-FLOPPY-DICKB1E4BB5A452CF4FCA695F3B70C3CA04D.tmp' to 'C:/Users/Gary/Documents/GitHub/TDEMO/TDEMO/Content/Blueprints/BIG-FLOPPY-DICK.uasset'
[2017.12.05-20.11.42:390][222]LogSavePackage: Display: Finished SavePackage C:/Users/Gary/Documents/GitHub/TDEMO/TDEMO/Content/Blueprints/BIG-FLOPPY-DICK.uasset
[2017.12.05-20.12.13:473][820]SourceControl: fatal: D:/Game Dev/Epic Games/UE_4.17/Engine/Content/: 'D:/Game Dev/Epic Games/UE_4.17/Engine/Content/' is outside repository
[2017.12.05-20.12.30:336][820]LogSourceControl: FGitCheckInWorker: commit successful
[2017.12.05-20.12.30:567][820]SourceControl: [Ruin-Everything 9d36f9d] I'm sorry if this breaks everything
[2017.12.05-20.12.30:567][820]SourceControl:  1 file changed, 0 insertions(+), 0 deletions(-)
[2017.12.05-20.12.30:567][820]SourceControl:  create mode 100644 TDEMO/Content/Blueprints/BIG-FLOPPY-DICK.uasset
[2017.12.05-20.12.30:589][820]SourceControl: Commited [Ruin-Everything 9d36f9d] I'm sorry if this breaks everything.
